2016-12-15 00:00:07,015 DEBUG: HomePage - LOGED IN ....
2016-12-15 00:02:31,493 DEBUG: BaseTest - Load test properties from file resources/conf/test.properties
2016-12-15 00:02:31,506 DEBUG: TestSendMessage - starting test....
2016-12-15 00:02:49,681 DEBUG: HomePage - LOGED IN ....
2016-12-15 00:19:33,738 DEBUG: BaseTest - Load test properties from file resources/conf/test.properties
2016-12-15 00:19:33,755 DEBUG: TestSendMessage - starting test....
2016-12-15 00:19:50,716 DEBUG: HomePage - LOGED IN ....
2016-12-15 00:21:56,834 DEBUG: BaseTest - Load test properties from file resources/conf/test.properties
2016-12-15 00:21:56,849 DEBUG: TestSendMessage - starting test....
2016-12-15 00:22:14,918 DEBUG: HomePage - LOGED IN ....
2016-12-15 00:28:25,086 DEBUG: BaseTest - Load test properties from file resources/conf/test.properties
2016-12-15 00:28:25,099 DEBUG: TestSendMessage - starting test....
2016-12-15 00:28:41,693 DEBUG: HomePage - LOGED IN ....
2016-12-15 00:38:37,365 DEBUG: BaseTest - Load test properties from file resources/conf/test.properties
2016-12-15 00:38:37,378 DEBUG: TestSendMessage - starting test....
2016-12-15 00:38:54,375 DEBUG: HomePage - LOGED IN ....
2016-12-15 00:45:14,396 DEBUG: BaseTest - Load test properties from file resources/conf/test.properties
2016-12-15 00:45:14,410 DEBUG: TestSendMessage - starting test....
2016-12-15 00:45:32,299 DEBUG: HomePage - LOGED IN ....
2016-12-15 00:49:22,197 DEBUG: BaseTest - Load test properties from file resources/conf/test.properties
2016-12-15 00:49:22,210 DEBUG: TestSendMessage - starting test....
2016-12-15 00:49:39,817 DEBUG: HomePage - LOGED IN ....
2016-12-15 00:50:58,881 DEBUG: BaseTest - Load test properties from file resources/conf/test.properties
2016-12-15 00:50:58,897 DEBUG: TestSendMessage - starting test....
2016-12-15 00:51:15,120 DEBUG: HomePage - LOGED IN ....
2016-12-15 00:51:21,979 DEBUG: TestSendMessage - JOOR Regress
2016-12-15 01:00:23,092 DEBUG: BaseTest - Load test properties from file resources/conf/test.properties
2016-12-15 01:00:23,105 DEBUG: TestSendMessage - starting test....
2016-12-15 01:00:38,973 DEBUG: HomePage - LOGED IN ....
2016-12-15 01:05:19,670 DEBUG: BaseTest - Load test properties from file resources/conf/test.properties
2016-12-15 01:05:19,683 DEBUG: TestSendMessage - starting test....
2016-12-15 01:05:38,043 DEBUG: HomePage - LOGED IN ....
2016-12-15 01:25:39,689 DEBUG: BaseTest - Load test properties from file resources/conf/test.properties
2016-12-15 01:25:39,703 DEBUG: TestSendMessage - starting test....
2016-12-15 01:25:55,266 DEBUG: HomePage - LOGED IN ....
2016-12-15 01:27:13,553 DEBUG: BaseTest - Load test properties from file resources/conf/test.properties
2016-12-15 01:27:13,566 DEBUG: TestSendMessage - starting test....
2016-12-15 01:27:27,792 DEBUG: HomePage - LOGED IN ....
2016-12-15 01:43:14,448 DEBUG: BaseTest - Load test properties from file resources/conf/test.properties
2016-12-15 01:43:14,461 DEBUG: TestSendMessage - starting test....
2016-12-15 01:43:31,501 DEBUG: HomePage - LOGED IN ....
2016-12-15 01:43:36,566 DEBUG: TestSendMessage - TestrooyM - TestUbBYv
2016-12-15 09:45:57,780 DEBUG: BaseTest - Load test properties from file resources/conf/test.properties
2016-12-15 09:51:21,564 DEBUG: BaseTest - Load test properties from file resources/conf/test.properties
2016-12-15 09:51:52,408 DEBUG: TestSendMessage - TestXeTtg - TestiYBBx
2016-12-15 18:48:23,588 DEBUG: BaseTest - Load test properties from file resources/conf/test.properties
